[debug] [2021-02-18T12:25:33.047Z] ----------------------------------------------------------------------
[debug] [2021-02-18T12:25:33.049Z] Command:       C:\Program Files\nodejs\node.exe C:\Users\Shivam-Lappi\AppData\Roaming\npm\node_modules\firebase-tools\lib\bin\firebase.js init
[debug] [2021-02-18T12:25:33.049Z] CLI Version:   9.4.0
[debug] [2021-02-18T12:25:33.050Z] Platform:      win32
[debug] [2021-02-18T12:25:33.050Z] Node Version:  v15.4.0
[debug] [2021-02-18T12:25:33.054Z] Time:          Thu Feb 18 2021 17:55:33 GMT+0530 (India Standard Time)
[debug] [2021-02-18T12:25:33.054Z] ----------------------------------------------------------------------
[debug] [2021-02-18T12:25:33.054Z] 
[debug] [2021-02-18T12:25:33.060Z] >>> [apiv2][query] GET https://firebase-public.firebaseio.com/cli.json [none]
[debug] [2021-02-18T12:25:33.079Z] > command requires scopes: ["email","openid","https://www.googleapis.com/auth/cloudplatformprojects.readonly","https://www.googleapis.com/auth/firebase","https://www.googleapis.com/auth/cloud-platform"]
[debug] [2021-02-18T12:25:33.080Z] > authorizing via signed-in user
[info] 
     ######## #### ########  ######## ########     ###     ######  ########
     ##        ##  ##     ## ##       ##     ##  ##   ##  ##       ##
     ######    ##  ########  ######   ########  #########  ######  ######
     ##        ##  ##    ##  ##       ##     ## ##     ##       ## ##
     ##       #### ##     ## ######## ########  ##     ##  ######  ########

You're about to initialize a Firebase project in this directory:

  D:\Dev\web\React\practice\react-people

[debug] [2021-02-18T12:25:34.023Z] <<< [apiv2][status] GET https://firebase-public.firebaseio.com/cli.json 200
[debug] [2021-02-18T12:25:34.023Z] <<< [apiv2][body] GET https://firebase-public.firebaseio.com/cli.json {"cloudBuildErrorAfter":1594252800000,"cloudBuildWarnAfter":1590019200000,"defaultNode10After":1594252800000,"minVersion":"3.0.5","node8DeploysDisabledAfter":1613390400000,"node8RuntimeDisabledAfter":1615809600000,"node8WarnAfter":1600128000000}
